<?xml version="1.0" encoding="UTF-8"?>
<!-- Generated by org.testng.reporters.JUnitXMLReporter -->
<testsuite hostname="DESKTOP-TLTN116" ignored="0" name="FirefoxTests" tests="1" failures="0" timestamp="2021-04-08T13:21:27 EDT" time="0.389" errors="0">
  <testcase name="@BeforeClass setup" time="0.381" classname="testBase.BaseClass">
    <failure type="java.lang.NullPointerException">
      <![CDATA[java.lang.NullPointerException
at testBase.BaseClass.setup(BaseClass.java:60)
at java.util.ArrayList.forEach(Unknown Source)
at java.util.concurrent.FutureTask.run(Unknown Source)
at java.util.concurrent.ThreadPoolExecutor.runWorker(Unknown Source)
at java.util.concurrent.ThreadPoolExecutor$Worker.run(Unknown Source)
at java.lang.Thread.run(Unknown Source)
... Removed 16 stack frames]]>
    </failure>
  </testcase> <!-- @BeforeClass setup -->
  <testcase name="@AfterClass tearDown" time="-1.617902487572E9" classname="testBase.BaseClass">
    <skipped/>
  </testcase> <!-- @AfterClass tearDown -->
  <testcase name="test_account_registration" time="0.0" classname="testCases.TC_001_AccountRegistration">
    <skipped/>
  </testcase> <!-- test_account_registration -->
</testsuite> <!-- FirefoxTests -->
