<?xml version="1.0" encoding="UTF-8"?>
<!-- Generated by org.testng.reporters.JUnitXMLReporter -->
<testsuite hostname="DESKTOP-TLTN116" ignored="0" name="openCartTests" tests="6" failures="0" timestamp="08 Apr 2021 05:29:18 GMT" time="53.944" errors="0">
  <testcase name="test_account_registration" time="4.103" classname="testCases.TC_001_AccountRegistration"/>
  <testcase name="loginFunctionality" time="3.409" classname="testCases.TC_002_LoginFunctionality"/>
  <testcase name="test_loginDDT" time="3.517" classname="testCases.TC_003_LoginDDT"/>
  <testcase name="test_loginDDT" time="11.743" classname="testCases.TC_003_LoginDDT"/>
  <testcase name="test_loginDDT" time="11.856" classname="testCases.TC_003_LoginDDT"/>
  <testcase name="test_loginDDT" time="11.838" classname="testCases.TC_003_LoginDDT"/>
</testsuite> <!-- openCartTests -->
