<?xml version="1.0" encoding="UTF-8"?>
<!-- Generated by org.testng.reporters.JUnitXMLReporter -->
<testsuite hostname="DESKTOP-TLTN116" ignored="1" name="OpenCart Tests" tests="1" failures="0" timestamp="2021-04-08T13:20:44 EDT" time="6.767" errors="0">
  <testcase name="test_account_registration" time="3.494" classname="testCases.TC_001_AccountRegistration"/>
  <testcase name="loginFunctionality" time="0.0" classname="testCases.TC_002_LoginFunctionality">
    <ignored/>
  </testcase> <!-- loginFunctionality -->
</testsuite> <!-- OpenCart Tests -->
